# JRE version: OpenJDK Runtime Environment Microsoft-11369940 (21.0.7+6) (build 21.0.7+6-LTS)
# Java VM: OpenJDK 64-Bit Server VM Microsoft-11369940 (21.0.7+6-LTS, mixed mode, sharing, tiered, compressed oops, compressed class ptrs, g1 gc, windows-amd64)
GC Precious Log:
 CardTable entry size: 512
 Card Set container configuration: InlinePtr #cards 4 size 8 Array Of Cards #cards 16 size 48 Howl #buckets 8 coarsen threshold 3686 Howl Bitmap #cards 512 size 80 coarsen threshold 460 Card regions per heap region 1 cards per card region 4096
 CPUs: 8 total, 8 available
 Memory: 16198M
 Large Page Support: Disabled
 NUMA Support: Disabled
 Compressed Oops: Enabled (Zero based)
 Heap Region Size: 2M
 Heap Min Capacity: 8M
 Heap Initial Capacity: 254M
 Heap Max Capacity: 4050M
 Pre-touch: Disabled
 Parallel Workers: 8
 Concurrent Workers: 2
 Concurrent Refinement Workers: 8
 Periodic GC: Disabled
Heap:
 garbage-first heap   total 61440K, used 28445K [0x0000000702e00000, 0x0000000800000000)
  region size 2048K, 4 young (8192K), 1 survivors (2048K)
 Metaspace       used 47182K, committed 47872K, reserved 1114112K
  class space    used 6084K, committed 6400K, reserved 1048576K
GC Heap History (19 events):
Event: 1.283 GC heap before
{Heap before GC invocations=0 (full 0):
 garbage-first heap   total 260096K, used 20480K [0x0000000702e00000, 0x0000000800000000)
  region size 2048K, 11 young (22528K), 0 survivors (0K)
 Metaspace       used 5756K, committed 5952K, reserved 1114112K
  class space    used 658K, committed 768K, reserved 1048576K
}
Event: 1.290 GC heap after
{Heap after GC invocations=1 (full 0):
 garbage-first heap   total 260096K, used 5090K [0x0000000702e00000, 0x0000000800000000)
  region size 2048K, 2 young (4096K), 2 survivors (4096K)
 Metaspace       used 5756K, committed 5952K, reserved 1114112K
  class space    used 658K, committed 768K, reserved 1048576K
}
Event: 2.416 GC heap before
{Heap before GC invocations=1 (full 0):
 garbage-first heap   total 260096K, used 33762K [0x0000000702e00000, 0x0000000800000000)
  region size 2048K, 17 young (34816K), 2 survivors (4096K)
 Metaspace       used 14060K, committed 14528K, reserved 1114112K
  class space    used 1709K, committed 1920K, reserved 1048576K
}
Event: 2.425 GC heap after
{Heap after GC invocations=2 (full 0):
 garbage-first heap   total 260096K, used 8143K [0x0000000702e00000, 0x0000000800000000)
  region size 2048K, 2 young (4096K), 2 survivors (4096K)
 Metaspace       used 14060K, committed 14528K, reserved 1114112K
  class space    used 1709K, committed 1920K, reserved 1048576K
}
Event: 3.992 GC heap before
{Heap before GC invocations=2 (full 0):
 garbage-first heap   total 260096K, used 49103K [0x0000000702e00000, 0x0000000800000000)
  region size 2048K, 23 young (47104K), 2 survivors (4096K)
 Metaspace       used 21164K, committed 21504K, reserved 1114112K
  class space    used 2608K, committed 2752K, reserved 1048576K
}
Event: 4.001 GC heap after
{Heap after GC invocations=3 (full 0):
 garbage-first heap   total 260096K, used 11624K [0x0000000702e00000, 0x0000000800000000)
  region size 2048K, 4 young (8192K), 4 survivors (8192K)
 Metaspace       used 21164K, committed 21504K, reserved 1114112K
  class space    used 2608K, committed 2752K, reserved 1048576K
}
Event: 5.683 GC heap before
{Heap before GC invocations=4 (full 0):
 garbage-first heap   total 49152K, used 46440K [0x0000000702e00000, 0x0000000800000000)
  region size 2048K, 21 young (43008K), 4 survivors (8192K)
 Metaspace       used 27629K, committed 28096K, reserved 1114112K
  class space    used 3456K, committed 3648K, reserved 1048576K
}
Event: 5.694 GC heap after
{Heap after GC invocations=5 (full 0):
 garbage-first heap   total 61440K, used 15635K [0x0000000702e00000, 0x0000000800000000)
  region size 2048K, 6 young (12288K), 6 survivors (12288K)
 Metaspace       used 27629K, committed 28096K, reserved 1114112K
  class space    used 3456K, committed 3648K, reserved 1048576K
}
Event: 6.562 GC heap before
{Heap before GC invocations=5 (full 0):
 garbage-first heap   total 61440K, used 40211K [0x0000000702e00000, 0x0000000800000000)
  region size 2048K, 18 young (36864K), 6 survivors (12288K)
 Metaspace       used 33309K, committed 33792K, reserved 1114112K
  class space    used 4293K, committed 4544K, reserved 1048576K
}
Event: 6.573 GC heap after
{Heap after GC invocations=6 (full 0):
 garbage-first heap   total 61440K, used 17294K [0x0000000702e00000, 0x0000000800000000)
  region size 2048K, 2 young (4096K), 2 survivors (4096K)
 Metaspace       used 33309K, committed 33792K, reserved 1114112K
  class space    used 4293K, committed 4544K, reserved 1048576K
}
Event: 7.133 GC heap before
{Heap before GC invocations=6 (full 0):
 garbage-first heap   total 61440K, used 31630K [0x0000000702e00000, 0x0000000800000000)
  region size 2048K, 10 young (20480K), 2 survivors (4096K)
 Metaspace       used 35615K, committed 36096K, reserved 1114112K
  class space    used 4628K, committed 4864K, reserved 1048576K
}
Event: 7.137 GC heap after
{Heap after GC invocations=7 (full 0):
 garbage-first heap   total 61440K, used 18024K [0x0000000702e00000, 0x0000000800000000)
  region size 2048K, 2 young (4096K), 2 survivors (4096K)
 Metaspace       used 35615K, committed 36096K, reserved 1114112K
  class space    used 4628K, committed 4864K, reserved 1048576K
}
Event: 16.664 GC heap before
{Heap before GC invocations=8 (full 0):
 garbage-first heap   total 61440K, used 48744K [0x0000000702e00000, 0x0000000800000000)
  region size 2048K, 17 young (34816K), 2 survivors (4096K)
 Metaspace       used 41741K, committed 42368K, reserved 1114112K
  class space    used 5452K, committed 5696K, reserved 1048576K
}
Event: 16.672 GC heap after
{Heap after GC invocations=9 (full 0):
 garbage-first heap   total 61440K, used 21167K [0x0000000702e00000, 0x0000000800000000)
  region size 2048K, 3 young (6144K), 3 survivors (6144K)
 Metaspace       used 41741K, committed 42368K, reserved 1114112K
  class space    used 5452K, committed 5696K, reserved 1048576K
}
Event: 93.300 GC heap before
{Heap before GC invocations=9 (full 0):
 garbage-first heap   total 61440K, used 47791K [0x0000000702e00000, 0x0000000800000000)
  region size 2048K, 16 young (32768K), 3 survivors (6144K)
 Metaspace       used 46637K, committed 47296K, reserved 1114112K
  class space    used 6036K, committed 6336K, reserved 1048576K
}
Event: 93.307 GC heap after
{Heap after GC invocations=10 (full 0):
 garbage-first heap   total 61440K, used 23677K [0x0000000702e00000, 0x0000000800000000)
  region size 2048K, 2 young (4096K), 2 survivors (4096K)
 Metaspace       used 46637K, committed 47296K, reserved 1114112K
  class space    used 6036K, committed 6336K, reserved 1048576K
}
Event: 483.119 GC heap before
{Heap before GC invocations=10 (full 0):
 garbage-first heap   total 61440K, used 48253K [0x0000000702e00000, 0x0000000800000000)
  region size 2048K, 14 young (28672K), 2 survivors (4096K)
 Metaspace       used 46812K, committed 47488K, reserved 1114112K
  class space    used 6036K, committed 6336K, reserved 1048576K
}
Event: 483.143 GC heap after
{Heap after GC invocations=11 (full 0):
 garbage-first heap   total 61440K, used 24349K [0x0000000702e00000, 0x0000000800000000)
  region size 2048K, 1 young (2048K), 1 survivors (2048K)
 Metaspace       used 46812K, committed 47488K, reserved 1114112K
  class space    used 6036K, committed 6336K, reserved 1048576K
}
Event: 525.825 GC heap before
{Heap before GC invocations=11 (full 0):
 garbage-first heap   total 61440K, used 28445K [0x0000000702e00000, 0x0000000800000000)
  region size 2048K, 4 young (8192K), 1 survivors (2048K)
 Metaspace       used 47182K, committed 47872K, reserved 1114112K
  class space    used 6084K, committed 6400K, reserved 1048576K
}

